<?xml version="1.0" encoding="UTF-8"?>
<!-- Generated by org.testng.reporters.JUnitReportReporter -->
<testsuite hostname="LAPTOP-CJ23D15G" name="Sample.Test1" tests="1" failures="0" timestamp="3 May 2021 18:10:36 GMT" time="3.640" errors="0">
  <testcase name="test1" time="3.640" classname="Sample.Test1"/>
</testsuite> <!-- Sample.Test1 -->
