<?xml version="1.0" encoding="UTF-8"?>
<!-- Generated by org.testng.reporters.JUnitReportReporter -->
<testsuite hostname="LAPTOP-CJ23D15G" name="Sample.sample123" tests="1" failures="0" timestamp="17 Jun 2021 17:51:21 GMT" time="0.776" errors="0">
  <testcase name="Postmethodwithpojo1" time="0.776" classname="Sample.sample123"/>
</testsuite> <!-- Sample.sample123 -->
