<?xml version="1.0" encoding="UTF-8"?>
<!-- Generated by org.testng.reporters.JUnitReportReporter -->
<testsuite hostname="LAPTOP-CJ23D15G" name="Sample.post" tests="1" failures="0" timestamp="4 May 2021 15:37:47 GMT" time="3.650" errors="0">
  <testcase name="test1" time="3.650" classname="Sample.post"/>
</testsuite> <!-- Sample.post -->
