<?xml version="1.0" encoding="UTF-8"?>
<!-- Generated by org.testng.reporters.JUnitReportReporter -->
<testsuite hostname="LAPTOP-CJ23D15G" name="Sample.example2" tests="1" failures="0" timestamp="2 May 2021 18:59:18 GMT" time="0.015" errors="0">
  <testcase name="Post" time="0.015" classname="Sample.example2"/>
</testsuite> <!-- Sample.example2 -->
